<?xml version="1.0" encoding="UTF-8" ?>
<testsuite tests="16" failures="0" name="com.privalia.calculatorexample.integration.test.CalculatorIntegrationTest" time="0.018" errors="0" skipped="0">
  <properties>
    <property name="java.runtime.name" value="Java(TM) SE Runtime Environment"/>
    <property name="sun.boot.library.path" value="C:\Program Files\Java\jdk1.8.0_131\jre\bin"/>
    <property name="java.vm.version" value="25.131-b11"/>
    <property name="java.vm.vendor" value="Oracle Corporation"/>
    <property name="maven.multiModuleProjectDirectory" value="C:/proyectos/SpringProjects/workspace/SpringProject"/>
    <property name="java.vendor.url" value="http://java.oracle.com/"/>
    <property name="path.separator" value=";"/>
    <property name="guice.disable.misplaced.annotation.check" value="true"/>
    <property name="java.vm.name" value="Java HotSpot(TM) 64-Bit Server VM"/>
    <property name="file.encoding.pkg" value="sun.io"/>
    <property name="user.script" value=""/>
    <property name="user.country" value="ES"/>
    <property name="sun.java.launcher" value="SUN_STANDARD"/>
    <property name="sun.os.patch.level" value=""/>
    <property name="java.vm.specification.name" value="Java Virtual Machine Specification"/>
    <property name="user.dir" value="C:\proyectos\SpringProjects\workspace\SpringProject"/>
    <property name="java.runtime.version" value="1.8.0_131-b11"/>
    <property name="java.awt.graphicsenv" value="sun.awt.Win32GraphicsEnvironment"/>
    <property name="java.endorsed.dirs" value="C:\Program Files\Java\jdk1.8.0_131\jre\lib\endorsed"/>
    <property name="os.arch" value="amd64"/>
    <property name="java.io.tmpdir" value="C:\Users\PEDRAG~1.SPR\AppData\Local\Temp\"/>
    <property name="line.separator" value="
"/>
    <property name="java.vm.specification.vendor" value="Oracle Corporation"/>
    <property name="user.variant" value=""/>
    <property name="os.name" value="Windows 10"/>
    <property name="classworlds.conf" value="C:/developer/apache-maven-3.5.2/bin/m2.conf"/>
    <property name="sun.jnu.encoding" value="Cp1252"/>
    <property name="java.library.path" value="C:\Program Files\Java\jdk1.8.0_131\bin;C:\WINDOWS\Sun\Java\bin;C:\WINDOWS\system32;C:\WINDOWS;C:\Users\pedragosa.spr&amp;ang\bin;C:\Program Files\Git\mingw64\bin;C:\Program Files\Git\usr\local\bin;C:\Program Files\Git\usr\bin;C:\Program Files\Git\usr\bin;C:\Program Files\Git\mingw64\bin;C:\Program Files\Git\usr\bin;C:\Users\pedragosa.spr&amp;ang\bin;C:\developer\apache-maven-3.5.2\bin;C:\Program Files\Docker\Docker\Resources\bin;C:\ProgramData\Oracle\Java\javapath;C:\Program Files (x86)\Intel\iCLS Client;C:\Program Files\Intel\iCLS Client;C:\WINDOWS\system32;C:\WINDOWS;C:\WINDOWS\System32\Wbem;C:\WINDOWS\System32\WindowsPowerShell\v1.0;C:\Program Files\Java\jdk1.7.0_79\bin;C:\Program Files (x86)\OpenVPN\bin;C:\Program Files (x86)\Intel\Intel(R) Management Engine Components\DAL;C:\Program Files\Intel\Intel(R) Management Engine Components\DAL;C:\Program Files (x86)\Intel\Intel(R) Management Engine Components\IPT;C:\Program Files\Intel\Intel(R) Management Engine Components\IPT;C:\Program Files\Git\cmd;C:\HashiCorp\Vagrant\bin;C:\Users\pedragosa.spr&amp;ang\AppData\Local\Microsoft\WindowsApps;C:\Program Files\Microsoft VS Code\bin;C:\Program Files\Git\usr\bin\vendor_perl;C:\Program Files\Git\usr\bin\core_perl;."/>
    <property name="jansi.passthrough" value="true"/>
    <property name="maven.conf" value="C:/developer/apache-maven-3.5.2/conf"/>
    <property name="java.specification.name" value="Java Platform API Specification"/>
    <property name="java.class.version" value="52.0"/>
    <property name="sun.management.compiler" value="HotSpot 64-Bit Tiered Compilers"/>
    <property name="os.version" value="10.0"/>
    <property name="library.jansi.path" value="C:/developer/apache-maven-3.5.2/lib/jansi-native"/>
    <property name="user.home" value="C:\Users\pedragosa.spr&amp;ang"/>
    <property name="user.timezone" value="Europe/Paris"/>
    <property name="java.awt.printerjob" value="sun.awt.windows.WPrinterJob"/>
    <property name="java.specification.version" value="1.8"/>
    <property name="file.encoding" value="Cp1252"/>
    <property name="user.name" value="pedragosa.spr&amp;ang"/>
    <property name="java.class.path" value="C:/developer/apache-maven-3.5.2/boot/plexus-classworlds-2.5.2.jar"/>
    <property name="java.vm.specification.version" value="1.8"/>
    <property name="sun.arch.data.model" value="64"/>
    <property name="java.home" value="C:\Program Files\Java\jdk1.8.0_131\jre"/>
    <property name="sun.java.command" value="org.codehaus.plexus.classworlds.launcher.Launcher clean package"/>
    <property name="java.specification.vendor" value="Oracle Corporation"/>
    <property name="user.language" value="es"/>
    <property name="awt.toolkit" value="sun.awt.windows.WToolkit"/>
    <property name="java.vm.info" value="mixed mode"/>
    <property name="java.version" value="1.8.0_131"/>
    <property name="java.ext.dirs" value="C:\Program Files\Java\jdk1.8.0_131\jre\lib\ext;C:\WINDOWS\Sun\Java\lib\ext"/>
    <property name="sun.boot.class.path" value="C:\Program Files\Java\jdk1.8.0_131\jre\lib\resources.jar;C:\Program Files\Java\jdk1.8.0_131\jre\lib\rt.jar;C:\Program Files\Java\jdk1.8.0_131\jre\lib\sunrsasign.jar;C:\Program Files\Java\jdk1.8.0_131\jre\lib\jsse.jar;C:\Program Files\Java\jdk1.8.0_131\jre\lib\jce.jar;C:\Program Files\Java\jdk1.8.0_131\jre\lib\charsets.jar;C:\Program Files\Java\jdk1.8.0_131\jre\lib\jfr.jar;C:\Program Files\Java\jdk1.8.0_131\jre\classes"/>
    <property name="java.vendor" value="Oracle Corporation"/>
    <property name="maven.home" value="C:\developer\apache-maven-3.5.2"/>
    <property name="file.separator" value="\"/>
    <property name="java.vendor.url.bug" value="http://bugreport.sun.com/bugreport/"/>
    <property name="sun.cpu.endian" value="little"/>
    <property name="sun.io.unicode.encoding" value="UnicodeLittle"/>
    <property name="sun.desktop" value="windows"/>
    <property name="sun.cpu.isalist" value="amd64"/>
  </properties>
  <testcase classname="com.privalia.calculatorexample.integration.test.CalculatorIntegrationTest" name="testAdd(1, 2, 3) [0]" time="0.012"/>
  <testcase classname="com.privalia.calculatorexample.integration.test.CalculatorIntegrationTest" name="testAdd(-10, 30, 20) [1]" time="0.001"/>
  <testcase classname="com.privalia.calculatorexample.integration.test.CalculatorIntegrationTest" name="testAdd(15, -5, 10) [2]" time="0.001"/>
  <testcase classname="com.privalia.calculatorexample.integration.test.CalculatorIntegrationTest" name="testAdd(-5, -10, -15) [3]" time="0"/>
  <testcase classname="com.privalia.calculatorexample.integration.test.CalculatorIntegrationTest" name="testSubstract(2, 1, 1) [0]" time="0"/>
  <testcase classname="com.privalia.calculatorexample.integration.test.CalculatorIntegrationTest" name="testSubstract(10, 7, 3) [1]" time="0"/>
  <testcase classname="com.privalia.calculatorexample.integration.test.CalculatorIntegrationTest" name="testSubstract(-10, 15, -25) [2]" time="0"/>
  <testcase classname="com.privalia.calculatorexample.integration.test.CalculatorIntegrationTest" name="testSubstract(3, -1, 4) [3]" time="0.001"/>
  <testcase classname="com.privalia.calculatorexample.integration.test.CalculatorIntegrationTest" name="testDivide(2, 1, 2) [0]" time="0"/>
  <testcase classname="com.privalia.calculatorexample.integration.test.CalculatorIntegrationTest" name="testDivide(10, 5, 2) [1]" time="0"/>
  <testcase classname="com.privalia.calculatorexample.integration.test.CalculatorIntegrationTest" name="testDivide(-10, 2, -5) [2]" time="0.001"/>
  <testcase classname="com.privalia.calculatorexample.integration.test.CalculatorIntegrationTest" name="testDivide(2, 2, 1) [3]" time="0"/>
  <testcase classname="com.privalia.calculatorexample.integration.test.CalculatorIntegrationTest" name="testMultiply(2, 1, 2) [0]" time="0"/>
  <testcase classname="com.privalia.calculatorexample.integration.test.CalculatorIntegrationTest" name="testMultiply(10, -7, -70) [1]" time="0.002"/>
  <testcase classname="com.privalia.calculatorexample.integration.test.CalculatorIntegrationTest" name="testMultiply(-10, 15, -150) [2]" time="0"/>
  <testcase classname="com.privalia.calculatorexample.integration.test.CalculatorIntegrationTest" name="testMultiply(3, 10, 30) [3]" time="0"/>
</testsuite>